2026-02-24 01:30:03,742 - INFO - ============================================================
2026-02-24 01:30:03,742 - INFO - CRIME DATASET GENERATOR - Starting
2026-02-24 01:30:03,742 - INFO - ============================================================
2026-02-24 01:30:04,091 - INFO - Generating 1333 records per country...
2026-02-24 01:30:04,091 - INFO - Generating 1333 records for USA...
2026-02-24 01:30:04,164 - INFO -   Generated 500/1333 records for USA
2026-02-24 01:30:04,235 - INFO -   Generated 1000/1333 records for USA
2026-02-24 01:30:04,276 - INFO - Generating 1333 records for UK...
2026-02-24 01:30:04,342 - INFO -   Generated 500/1333 records for UK
2026-02-24 01:30:04,409 - INFO -   Generated 1000/1333 records for UK
2026-02-24 01:30:04,463 - INFO - Generating 1333 records for India...
2026-02-24 01:30:04,525 - INFO -   Generated 500/1333 records for India
2026-02-24 01:30:04,584 - INFO -   Generated 1000/1333 records for India
2026-02-24 01:30:04,626 - INFO - Total records generated: 3999
2026-02-24 01:30:04,692 - INFO - Successfully exported 3999 records to crime_dataset.csv
2026-02-24 01:30:04,692 - INFO - ============================================================
2026-02-24 01:30:04,692 - INFO - Generation completed in 0.95 seconds
2026-02-24 01:30:04,692 - INFO - Records per second: 4209
2026-02-24 01:30:04,692 - INFO - ============================================================
2026-02-24 23:44:07,270 - INFO - ============================================================
2026-02-24 23:44:07,270 - INFO - CRIME DATASET GENERATOR - Starting
2026-02-24 23:44:07,270 - INFO - ============================================================
2026-02-24 23:44:08,929 - INFO - Generating 1333 records per country...
2026-02-24 23:44:08,929 - INFO - Generating 1333 records for USA...
2026-02-24 23:44:09,145 - INFO -   Generated 500/1333 records for USA
2026-02-24 23:44:09,369 - INFO -   Generated 1000/1333 records for USA
2026-02-24 23:44:09,515 - INFO - Generating 1333 records for UK...
2026-02-24 23:44:09,660 - INFO -   Generated 500/1333 records for UK
2026-02-24 23:44:09,841 - INFO -   Generated 1000/1333 records for UK
2026-02-24 23:44:09,950 - INFO - Generating 1333 records for India...
2026-02-24 23:44:10,058 - INFO -   Generated 500/1333 records for India
2026-02-24 23:44:10,182 - INFO -   Generated 1000/1333 records for India
2026-02-24 23:44:10,248 - INFO - Generating 1333 records for Pakistan...
2026-02-24 23:44:10,347 - INFO -   Generated 500/1333 records for Pakistan
2026-02-24 23:44:10,431 - INFO -   Generated 1000/1333 records for Pakistan
2026-02-24 23:44:10,501 - INFO - Generating 1333 records for Afghanistan...
2026-02-24 23:44:10,717 - INFO -   Generated 500/1333 records for Afghanistan
2026-02-24 23:44:10,946 - INFO -   Generated 1000/1333 records for Afghanistan
2026-02-24 23:44:11,064 - INFO - Generating 1333 records for Bangladesh...
2026-02-24 23:44:11,264 - INFO -   Generated 500/1333 records for Bangladesh
2026-02-24 23:44:11,479 - INFO -   Generated 1000/1333 records for Bangladesh
2026-02-24 23:44:11,598 - INFO - Generating 1333 records for Sri Lanka...
2026-02-24 23:44:11,778 - INFO -   Generated 500/1333 records for Sri Lanka
2026-02-24 23:44:11,959 - INFO -   Generated 1000/1333 records for Sri Lanka
2026-02-24 23:44:12,079 - INFO - Generating 1333 records for Malaysia...
2026-02-24 23:44:12,276 - INFO -   Generated 500/1333 records for Malaysia
2026-02-24 23:44:12,457 - INFO -   Generated 1000/1333 records for Malaysia
2026-02-24 23:44:12,579 - INFO - Generating 1333 records for Indonesia...
2026-02-24 23:44:12,665 - INFO -   Generated 500/1333 records for Indonesia
2026-02-24 23:44:12,765 - INFO -   Generated 1000/1333 records for Indonesia
2026-02-24 23:44:12,842 - INFO - Generating 1333 records for Saudi Arabia...
2026-02-24 23:44:12,932 - INFO -   Generated 500/1333 records for Saudi Arabia
2026-02-24 23:44:13,014 - INFO -   Generated 1000/1333 records for Saudi Arabia
2026-02-24 23:44:13,081 - INFO - Generating 1333 records for United Arab Emirates...
2026-02-24 23:44:13,275 - INFO -   Generated 500/1333 records for United Arab Emirates
2026-02-24 23:44:13,457 - INFO -   Generated 1000/1333 records for United Arab Emirates
2026-02-24 23:44:13,579 - INFO - Generating 1333 records for Qatar...
2026-02-24 23:44:13,759 - INFO -   Generated 500/1333 records for Qatar
2026-02-24 23:44:13,942 - INFO -   Generated 1000/1333 records for Qatar
2026-02-24 23:44:14,063 - INFO - Generating 1333 records for Bahrain...
2026-02-24 23:44:14,259 - INFO -   Generated 500/1333 records for Bahrain
2026-02-24 23:44:14,441 - INFO -   Generated 1000/1333 records for Bahrain
2026-02-24 23:44:14,562 - INFO - Generating 1333 records for Kuwait...
2026-02-24 23:44:14,742 - INFO -   Generated 500/1333 records for Kuwait
2026-02-24 23:44:14,926 - INFO -   Generated 1000/1333 records for Kuwait
2026-02-24 23:44:15,046 - INFO - Generating 1333 records for Oman...
2026-02-24 23:44:15,242 - INFO -   Generated 500/1333 records for Oman
2026-02-24 23:44:15,441 - INFO -   Generated 1000/1333 records for Oman
2026-02-24 23:44:15,575 - INFO - Generating 1333 records for Poland...
2026-02-24 23:44:15,779 - INFO -   Generated 500/1333 records for Poland
2026-02-24 23:44:15,961 - INFO -   Generated 1000/1333 records for Poland
2026-02-24 23:44:16,096 - INFO - Generating 1333 records for Romania...
2026-02-24 23:44:16,294 - INFO -   Generated 500/1333 records for Romania
2026-02-24 23:44:16,479 - INFO -   Generated 1000/1333 records for Romania
2026-02-24 23:44:16,615 - INFO - Generating 1333 records for Ukraine...
2026-02-24 23:44:16,810 - INFO -   Generated 500/1333 records for Ukraine
2026-02-24 23:44:16,992 - INFO -   Generated 1000/1333 records for Ukraine
2026-02-24 23:44:17,129 - INFO - Generating 1333 records for Czechia...
2026-02-24 23:44:17,325 - INFO -   Generated 500/1333 records for Czechia
2026-02-24 23:44:17,508 - INFO -   Generated 1000/1333 records for Czechia
2026-02-24 23:44:17,645 - INFO - Generating 1333 records for Hungary...
2026-02-24 23:44:17,841 - INFO -   Generated 500/1333 records for Hungary
2026-02-24 23:44:18,024 - INFO -   Generated 1000/1333 records for Hungary
2026-02-24 23:44:18,161 - INFO - Generating 1333 records for Bulgaria...
2026-02-24 23:44:18,341 - INFO -   Generated 500/1333 records for Bulgaria
2026-02-24 23:44:18,526 - INFO -   Generated 1000/1333 records for Bulgaria
2026-02-24 23:44:18,661 - INFO - Generating 1333 records for Slovakia...
2026-02-24 23:44:18,843 - INFO -   Generated 500/1333 records for Slovakia
2026-02-24 23:44:19,025 - INFO -   Generated 1000/1333 records for Slovakia
2026-02-24 23:44:19,162 - INFO - Generating 1333 records for Mexico...
2026-02-24 23:44:19,264 - INFO -   Generated 500/1333 records for Mexico
2026-02-24 23:44:19,349 - INFO -   Generated 1000/1333 records for Mexico
2026-02-24 23:44:19,427 - INFO - Generating 1333 records for Brazil...
2026-02-24 23:44:19,515 - INFO -   Generated 500/1333 records for Brazil
2026-02-24 23:44:19,614 - INFO -   Generated 1000/1333 records for Brazil
2026-02-24 23:44:19,691 - INFO - Generating 1333 records for Argentina...
2026-02-24 23:44:19,860 - INFO -   Generated 500/1333 records for Argentina
2026-02-24 23:44:20,041 - INFO -   Generated 1000/1333 records for Argentina
2026-02-24 23:44:20,162 - INFO - Generating 1333 records for Colombia...
2026-02-24 23:44:20,357 - INFO -   Generated 500/1333 records for Colombia
2026-02-24 23:44:20,542 - INFO -   Generated 1000/1333 records for Colombia
2026-02-24 23:44:20,662 - INFO - Generating 1333 records for Chile...
2026-02-24 23:44:20,842 - INFO -   Generated 500/1333 records for Chile
2026-02-24 23:44:21,026 - INFO -   Generated 1000/1333 records for Chile
2026-02-24 23:44:21,145 - INFO - Generating 1333 records for Peru...
2026-02-24 23:44:21,342 - INFO -   Generated 500/1333 records for Peru
2026-02-24 23:44:21,508 - INFO -   Generated 1000/1333 records for Peru
2026-02-24 23:44:21,646 - INFO - Generating 1333 records for DR Congo...
2026-02-24 23:44:21,940 - INFO -   Generated 500/1333 records for DR Congo
2026-02-24 23:44:22,142 - INFO -   Generated 1000/1333 records for DR Congo
2026-02-24 23:44:22,261 - INFO - Generating 1333 records for Central African Republic...
2026-02-24 23:44:22,458 - INFO -   Generated 500/1333 records for Central African Republic
2026-02-24 23:44:22,642 - INFO -   Generated 1000/1333 records for Central African Republic
2026-02-24 23:44:22,762 - INFO - Generating 1333 records for Cameroon...
2026-02-24 23:44:22,957 - INFO -   Generated 500/1333 records for Cameroon
2026-02-24 23:44:23,142 - INFO -   Generated 1000/1333 records for Cameroon
2026-02-24 23:44:23,262 - INFO - Generating 1333 records for Gabon...
2026-02-24 23:44:23,459 - INFO -   Generated 500/1333 records for Gabon
2026-02-24 23:44:23,641 - INFO -   Generated 1000/1333 records for Gabon
2026-02-24 23:44:23,762 - INFO - Generating 1333 records for Republic of Congo...
2026-02-24 23:44:23,958 - INFO -   Generated 500/1333 records for Republic of Congo
2026-02-24 23:44:24,158 - INFO -   Generated 1000/1333 records for Republic of Congo
2026-02-24 23:44:24,279 - INFO - Total records generated: 43989
2026-02-24 23:44:25,531 - INFO - Successfully exported 43989 records to crime_dataset.csv
2026-02-24 23:44:25,531 - INFO - ============================================================
2026-02-24 23:44:25,531 - INFO - Generation completed in 18.25 seconds
2026-02-24 23:44:25,531 - INFO - Records per second: 2410
2026-02-24 23:44:25,531 - INFO - ============================================================
2026-02-25 00:04:01,747 - INFO - ============================================================
2026-02-25 00:04:01,747 - INFO - CRIME DATASET GENERATOR - Starting
2026-02-25 00:04:01,748 - INFO - ============================================================
2026-02-25 00:04:03,518 - INFO - Generating 1333 records per country...
2026-02-25 00:04:03,521 - INFO - Generating 1333 records for USA...
2026-02-25 00:04:03,834 - INFO -   Generated 500/1333 records for USA
2026-02-25 00:04:04,099 - INFO -   Generated 1000/1333 records for USA
2026-02-25 00:04:04,236 - INFO - Generating 1333 records for UK...
2026-02-25 00:04:04,395 - INFO -   Generated 500/1333 records for UK
2026-02-25 00:04:04,553 - INFO -   Generated 1000/1333 records for UK
2026-02-25 00:04:04,674 - INFO - Generating 1333 records for India...
2026-02-25 00:04:04,772 - INFO -   Generated 500/1333 records for India
2026-02-25 00:04:04,873 - INFO -   Generated 1000/1333 records for India
2026-02-25 00:04:04,946 - INFO - Generating 1333 records for Pakistan...
2026-02-25 00:04:05,051 - INFO -   Generated 500/1333 records for Pakistan
2026-02-25 00:04:05,153 - INFO -   Generated 1000/1333 records for Pakistan
2026-02-25 00:04:05,229 - INFO - Generating 1333 records for Afghanistan...
2026-02-25 00:04:05,421 - INFO -   Generated 500/1333 records for Afghanistan
2026-02-25 00:04:05,650 - INFO -   Generated 1000/1333 records for Afghanistan
2026-02-25 00:04:05,844 - INFO - Generating 1333 records for Bangladesh...
2026-02-25 00:04:06,051 - INFO -   Generated 500/1333 records for Bangladesh
2026-02-25 00:04:06,247 - INFO -   Generated 1000/1333 records for Bangladesh
2026-02-25 00:04:06,372 - INFO - Generating 1333 records for Sri Lanka...
2026-02-25 00:04:06,580 - INFO -   Generated 500/1333 records for Sri Lanka
2026-02-25 00:04:06,777 - INFO -   Generated 1000/1333 records for Sri Lanka
2026-02-25 00:04:06,903 - INFO - Generating 1333 records for Malaysia...
2026-02-25 00:04:07,100 - INFO -   Generated 500/1333 records for Malaysia
2026-02-25 00:04:07,303 - INFO -   Generated 1000/1333 records for Malaysia
2026-02-25 00:04:07,444 - INFO - Generating 1333 records for Indonesia...
2026-02-25 00:04:07,548 - INFO -   Generated 500/1333 records for Indonesia
2026-02-25 00:04:07,642 - INFO -   Generated 1000/1333 records for Indonesia
2026-02-25 00:04:07,704 - INFO - Generating 1333 records for Saudi Arabia...
2026-02-25 00:04:07,803 - INFO -   Generated 500/1333 records for Saudi Arabia
2026-02-25 00:04:07,903 - INFO -   Generated 1000/1333 records for Saudi Arabia
2026-02-25 00:04:07,981 - INFO - Generating 1333 records for United Arab Emirates...
2026-02-25 00:04:08,249 - INFO -   Generated 500/1333 records for United Arab Emirates
2026-02-25 00:04:08,593 - INFO -   Generated 1000/1333 records for United Arab Emirates
2026-02-25 00:04:08,720 - INFO - Generating 1333 records for Qatar...
2026-02-25 00:04:08,903 - INFO -   Generated 500/1333 records for Qatar
2026-02-25 00:04:09,101 - INFO -   Generated 1000/1333 records for Qatar
2026-02-25 00:04:09,232 - INFO - Generating 1333 records for Bahrain...
2026-02-25 00:04:09,432 - INFO -   Generated 500/1333 records for Bahrain
2026-02-25 00:04:09,628 - INFO -   Generated 1000/1333 records for Bahrain
2026-02-25 00:04:09,753 - INFO - Generating 1333 records for Kuwait...
2026-02-25 00:04:09,953 - INFO -   Generated 500/1333 records for Kuwait
2026-02-25 00:04:10,155 - INFO -   Generated 1000/1333 records for Kuwait
2026-02-25 00:04:10,288 - INFO - Generating 1333 records for Oman...
2026-02-25 00:04:10,485 - INFO -   Generated 500/1333 records for Oman
2026-02-25 00:04:10,679 - INFO -   Generated 1000/1333 records for Oman
2026-02-25 00:04:10,803 - INFO - Generating 1333 records for Poland...
2026-02-25 00:04:11,153 - INFO -   Generated 500/1333 records for Poland
2026-02-25 00:04:11,353 - INFO -   Generated 1000/1333 records for Poland
2026-02-25 00:04:11,485 - INFO - Generating 1333 records for Romania...
2026-02-25 00:04:11,684 - INFO -   Generated 500/1333 records for Romania
2026-02-25 00:04:11,879 - INFO -   Generated 1000/1333 records for Romania
2026-02-25 00:04:12,004 - INFO - Generating 1333 records for Ukraine...
2026-02-25 00:04:12,203 - INFO -   Generated 500/1333 records for Ukraine
2026-02-25 00:04:12,403 - INFO -   Generated 1000/1333 records for Ukraine
2026-02-25 00:04:12,553 - INFO - Generating 1333 records for Czechia...
2026-02-25 00:04:12,753 - INFO -   Generated 500/1333 records for Czechia
2026-02-25 00:04:12,949 - INFO -   Generated 1000/1333 records for Czechia
2026-02-25 00:04:13,084 - INFO - Generating 1333 records for Hungary...
2026-02-25 00:04:13,279 - INFO -   Generated 500/1333 records for Hungary
2026-02-25 00:04:13,469 - INFO -   Generated 1000/1333 records for Hungary
2026-02-25 00:04:13,603 - INFO - Generating 1333 records for Bulgaria...
2026-02-25 00:04:13,803 - INFO -   Generated 500/1333 records for Bulgaria
2026-02-25 00:04:13,993 - INFO -   Generated 1000/1333 records for Bulgaria
2026-02-25 00:04:14,140 - INFO - Generating 1333 records for Slovakia...
2026-02-25 00:04:14,341 - INFO -   Generated 500/1333 records for Slovakia
2026-02-25 00:04:14,543 - INFO -   Generated 1000/1333 records for Slovakia
2026-02-25 00:04:14,673 - INFO - Generating 1333 records for Mexico...
2026-02-25 00:04:14,773 - INFO -   Generated 500/1333 records for Mexico
2026-02-25 00:04:14,878 - INFO -   Generated 1000/1333 records for Mexico
2026-02-25 00:04:14,946 - INFO - Generating 1333 records for Brazil...
2026-02-25 00:04:15,050 - INFO -   Generated 500/1333 records for Brazil
2026-02-25 00:04:15,154 - INFO -   Generated 1000/1333 records for Brazil
2026-02-25 00:04:15,230 - INFO - Generating 1333 records for Argentina...
2026-02-25 00:04:15,404 - INFO -   Generated 500/1333 records for Argentina
2026-02-25 00:04:15,601 - INFO -   Generated 1000/1333 records for Argentina
2026-02-25 00:04:15,733 - INFO - Generating 1333 records for Colombia...
2026-02-25 00:04:15,904 - INFO -   Generated 500/1333 records for Colombia
2026-02-25 00:04:16,104 - INFO -   Generated 1000/1333 records for Colombia
2026-02-25 00:04:16,246 - INFO - Generating 1333 records for Chile...
2026-02-25 00:04:16,430 - INFO -   Generated 500/1333 records for Chile
2026-02-25 00:04:16,604 - INFO -   Generated 1000/1333 records for Chile
2026-02-25 00:04:16,750 - INFO - Generating 1333 records for Peru...
2026-02-25 00:04:16,940 - INFO -   Generated 500/1333 records for Peru
2026-02-25 00:04:17,139 - INFO -   Generated 1000/1333 records for Peru
2026-02-25 00:04:17,280 - INFO - Generating 1333 records for DR Congo...
2026-02-25 00:04:17,473 - INFO -   Generated 500/1333 records for DR Congo
2026-02-25 00:04:17,676 - INFO -   Generated 1000/1333 records for DR Congo
2026-02-25 00:04:17,804 - INFO - Generating 1333 records for Central African Republic...
2026-02-25 00:04:17,993 - INFO -   Generated 500/1333 records for Central African Republic
2026-02-25 00:04:18,198 - INFO -   Generated 1000/1333 records for Central African Republic
2026-02-25 00:04:18,334 - INFO - Generating 1333 records for Cameroon...
2026-02-25 00:04:18,522 - INFO -   Generated 500/1333 records for Cameroon
2026-02-25 00:04:18,704 - INFO -   Generated 1000/1333 records for Cameroon
2026-02-25 00:04:18,849 - INFO - Generating 1333 records for Gabon...
2026-02-25 00:04:19,053 - INFO -   Generated 500/1333 records for Gabon
2026-02-25 00:04:19,254 - INFO -   Generated 1000/1333 records for Gabon
2026-02-25 00:04:19,394 - INFO - Generating 1333 records for Republic of Congo...
2026-02-25 00:04:19,587 - INFO -   Generated 500/1333 records for Republic of Congo
2026-02-25 00:04:19,784 - INFO -   Generated 1000/1333 records for Republic of Congo
2026-02-25 00:04:19,904 - INFO - Total records generated: 43989
2026-02-25 00:04:19,955 - ERROR - Error exporting CSV: dict contains fields not in fieldnames: 'Officer In Charge'
2026-02-25 00:04:19,956 - INFO - ============================================================
2026-02-25 00:04:19,956 - INFO - Generation completed in 18.21 seconds
2026-02-25 00:04:19,956 - INFO - Records per second: 2416
2026-02-25 00:04:19,956 - INFO - ============================================================
2026-02-25 00:04:53,865 - INFO - ============================================================
2026-02-25 00:04:53,866 - INFO - CRIME DATASET GENERATOR - Starting
2026-02-25 00:04:53,866 - INFO - ============================================================
2026-02-25 00:04:55,196 - INFO - Generating 1333 records per country...
2026-02-25 00:04:55,197 - INFO - Generating 1333 records for USA...
2026-02-25 00:04:55,393 - INFO -   Generated 500/1333 records for USA
2026-02-25 00:04:55,572 - INFO -   Generated 1000/1333 records for USA
2026-02-25 00:04:55,713 - INFO - Generating 1333 records for UK...
2026-02-25 00:04:55,857 - INFO -   Generated 500/1333 records for UK
2026-02-25 00:04:56,010 - INFO -   Generated 1000/1333 records for UK
2026-02-25 00:04:56,118 - INFO - Generating 1333 records for India...
2026-02-25 00:04:56,218 - INFO -   Generated 500/1333 records for India
2026-02-25 00:04:56,319 - INFO -   Generated 1000/1333 records for India
2026-02-25 00:04:56,374 - INFO - Generating 1333 records for Pakistan...
2026-02-25 00:04:56,473 - INFO -   Generated 500/1333 records for Pakistan
2026-02-25 00:04:56,572 - INFO -   Generated 1000/1333 records for Pakistan
2026-02-25 00:04:56,648 - INFO - Generating 1333 records for Afghanistan...
2026-02-25 00:04:56,839 - INFO -   Generated 500/1333 records for Afghanistan
2026-02-25 00:04:57,018 - INFO -   Generated 1000/1333 records for Afghanistan
2026-02-25 00:04:57,147 - INFO - Generating 1333 records for Bangladesh...
2026-02-25 00:04:57,322 - INFO -   Generated 500/1333 records for Bangladesh
2026-02-25 00:04:57,522 - INFO -   Generated 1000/1333 records for Bangladesh
2026-02-25 00:04:57,657 - INFO - Generating 1333 records for Sri Lanka...
2026-02-25 00:04:57,843 - INFO -   Generated 500/1333 records for Sri Lanka
2026-02-25 00:04:58,022 - INFO -   Generated 1000/1333 records for Sri Lanka
2026-02-25 00:04:58,155 - INFO - Generating 1333 records for Malaysia...
2026-02-25 00:04:58,472 - INFO -   Generated 500/1333 records for Malaysia
2026-02-25 00:04:58,666 - INFO -   Generated 1000/1333 records for Malaysia
2026-02-25 00:04:58,796 - INFO - Generating 1333 records for Indonesia...
2026-02-25 00:04:58,897 - INFO -   Generated 500/1333 records for Indonesia
2026-02-25 00:04:58,987 - INFO -   Generated 1000/1333 records for Indonesia
2026-02-25 00:04:59,057 - INFO - Generating 1333 records for Saudi Arabia...
2026-02-25 00:04:59,161 - INFO -   Generated 500/1333 records for Saudi Arabia
2026-02-25 00:04:59,265 - INFO -   Generated 1000/1333 records for Saudi Arabia
2026-02-25 00:04:59,342 - INFO - Generating 1333 records for United Arab Emirates...
2026-02-25 00:04:59,522 - INFO -   Generated 500/1333 records for United Arab Emirates
2026-02-25 00:04:59,706 - INFO -   Generated 1000/1333 records for United Arab Emirates
2026-02-25 00:04:59,822 - INFO - Generating 1333 records for Qatar...
2026-02-25 00:05:00,022 - INFO -   Generated 500/1333 records for Qatar
2026-02-25 00:05:00,213 - INFO -   Generated 1000/1333 records for Qatar
2026-02-25 00:05:00,350 - INFO - Generating 1333 records for Bahrain...
2026-02-25 00:05:00,522 - INFO -   Generated 500/1333 records for Bahrain
2026-02-25 00:05:00,717 - INFO -   Generated 1000/1333 records for Bahrain
2026-02-25 00:05:00,849 - INFO - Generating 1333 records for Kuwait...
2026-02-25 00:05:01,022 - INFO -   Generated 500/1333 records for Kuwait
2026-02-25 00:05:01,225 - INFO -   Generated 1000/1333 records for Kuwait
2026-02-25 00:05:01,365 - INFO - Generating 1333 records for Oman...
2026-02-25 00:05:01,571 - INFO -   Generated 500/1333 records for Oman
2026-02-25 00:05:01,765 - INFO -   Generated 1000/1333 records for Oman
2026-02-25 00:05:01,894 - INFO - Generating 1333 records for Poland...
2026-02-25 00:05:02,072 - INFO -   Generated 500/1333 records for Poland
2026-02-25 00:05:02,273 - INFO -   Generated 1000/1333 records for Poland
2026-02-25 00:05:02,406 - INFO - Generating 1333 records for Romania...
2026-02-25 00:05:02,598 - INFO -   Generated 500/1333 records for Romania
2026-02-25 00:05:02,773 - INFO -   Generated 1000/1333 records for Romania
2026-02-25 00:05:02,919 - INFO - Generating 1333 records for Ukraine...
2026-02-25 00:05:03,113 - INFO -   Generated 500/1333 records for Ukraine
2026-02-25 00:05:03,305 - INFO -   Generated 1000/1333 records for Ukraine
2026-02-25 00:05:03,422 - INFO - Generating 1333 records for Czechia...
2026-02-25 00:05:03,616 - INFO -   Generated 500/1333 records for Czechia
2026-02-25 00:05:03,805 - INFO -   Generated 1000/1333 records for Czechia
2026-02-25 00:05:03,922 - INFO - Generating 1333 records for Hungary...
2026-02-25 00:05:04,122 - INFO -   Generated 500/1333 records for Hungary
2026-02-25 00:05:04,322 - INFO -   Generated 1000/1333 records for Hungary
2026-02-25 00:05:04,459 - INFO - Generating 1333 records for Bulgaria...
2026-02-25 00:05:04,656 - INFO -   Generated 500/1333 records for Bulgaria
2026-02-25 00:05:04,847 - INFO -   Generated 1000/1333 records for Bulgaria
2026-02-25 00:05:04,972 - INFO - Generating 1333 records for Slovakia...
2026-02-25 00:05:05,172 - INFO -   Generated 500/1333 records for Slovakia
2026-02-25 00:05:05,362 - INFO -   Generated 1000/1333 records for Slovakia
2026-02-25 00:05:05,492 - INFO - Generating 1333 records for Mexico...
2026-02-25 00:05:05,602 - INFO -   Generated 500/1333 records for Mexico
2026-02-25 00:05:05,700 - INFO -   Generated 1000/1333 records for Mexico
2026-02-25 00:05:05,769 - INFO - Generating 1333 records for Brazil...
2026-02-25 00:05:05,870 - INFO -   Generated 500/1333 records for Brazil
2026-02-25 00:05:05,973 - INFO -   Generated 1000/1333 records for Brazil
2026-02-25 00:05:06,048 - INFO - Generating 1333 records for Argentina...
2026-02-25 00:05:06,239 - INFO -   Generated 500/1333 records for Argentina
2026-02-25 00:05:06,422 - INFO -   Generated 1000/1333 records for Argentina
2026-02-25 00:05:06,556 - INFO - Generating 1333 records for Colombia...
2026-02-25 00:05:06,741 - INFO -   Generated 500/1333 records for Colombia
2026-02-25 00:05:06,922 - INFO -   Generated 1000/1333 records for Colombia
2026-02-25 00:05:07,053 - INFO - Generating 1333 records for Chile...
2026-02-25 00:05:07,246 - INFO -   Generated 500/1333 records for Chile
2026-02-25 00:05:07,422 - INFO -   Generated 1000/1333 records for Chile
2026-02-25 00:05:07,561 - INFO - Generating 1333 records for Peru...
2026-02-25 00:05:07,753 - INFO -   Generated 500/1333 records for Peru
2026-02-25 00:05:07,940 - INFO -   Generated 1000/1333 records for Peru
2026-02-25 00:05:08,066 - INFO - Generating 1333 records for DR Congo...
2026-02-25 00:05:08,261 - INFO -   Generated 500/1333 records for DR Congo
2026-02-25 00:05:08,451 - INFO -   Generated 1000/1333 records for DR Congo
2026-02-25 00:05:08,572 - INFO - Generating 1333 records for Central African Republic...
2026-02-25 00:05:08,772 - INFO -   Generated 500/1333 records for Central African Republic
2026-02-25 00:05:08,961 - INFO -   Generated 1000/1333 records for Central African Republic
2026-02-25 00:05:09,072 - INFO - Generating 1333 records for Cameroon...
2026-02-25 00:05:09,292 - INFO -   Generated 500/1333 records for Cameroon
2026-02-25 00:05:09,472 - INFO -   Generated 1000/1333 records for Cameroon
2026-02-25 00:05:09,615 - INFO - Generating 1333 records for Gabon...
2026-02-25 00:05:09,808 - INFO -   Generated 500/1333 records for Gabon
2026-02-25 00:05:10,000 - INFO -   Generated 1000/1333 records for Gabon
2026-02-25 00:05:10,122 - INFO - Generating 1333 records for Republic of Congo...
2026-02-25 00:05:10,338 - INFO -   Generated 500/1333 records for Republic of Congo
2026-02-25 00:05:10,522 - INFO -   Generated 1000/1333 records for Republic of Congo
2026-02-25 00:05:10,651 - INFO - Total records generated: 43989
2026-02-25 00:05:11,839 - INFO - Successfully exported 43989 records to crime_dataset.csv
2026-02-25 00:05:11,840 - INFO - ============================================================
2026-02-25 00:05:11,840 - INFO - Generation completed in 17.97 seconds
2026-02-25 00:05:11,841 - INFO - Records per second: 2448
2026-02-25 00:05:11,841 - INFO - ============================================================
