2026-02-25 00:43:51,596 - INFO - Initialized PIIGenerator with 23 factories
2026-02-25 00:43:51,612 - INFO - Generating data for USA...
2026-02-25 00:43:52,021 - INFO - Generating data for UK...
2026-02-25 00:43:52,206 - INFO - Generating data for India...
2026-02-25 00:43:52,330 - INFO - Generating data for Australia...
2026-02-25 00:43:52,611 - INFO - Generating data for Canada...
2026-02-25 00:43:52,883 - INFO - Generating data for France...
2026-02-25 00:43:53,028 - INFO - Generating data for Italy...
2026-02-25 00:43:53,244 - INFO - Generating data for Germany...
2026-02-25 00:43:53,365 - INFO - Generating data for New Zealand...
2026-02-25 00:43:53,617 - INFO - Generating data for Pakistan...
2026-02-25 00:43:53,744 - INFO - Generating data for Israel...
2026-02-25 00:43:54,000 - INFO - Generating data for Bangladesh...
2026-02-25 00:43:54,266 - INFO - Generating data for Saudi Arabia...
2026-02-25 00:43:54,753 - INFO - Generating data for UAE...
2026-02-25 00:43:55,286 - INFO - Generating data for Indonesia...
2026-02-25 00:43:55,907 - INFO - Generating data for Malaysia...
2026-02-25 00:43:56,192 - INFO - Generating data for Singapore...
2026-02-25 00:43:56,391 - INFO - Generating data for Hong Kong...
2026-02-25 00:43:56,564 - INFO - Generating data for Albania...
2026-02-25 00:43:56,950 - INFO - Generating data for Ireland...
2026-02-25 00:43:57,130 - INFO - Generating data for Nigeria...
2026-02-25 00:43:57,287 - INFO - Generating data for Portugal...
2026-02-25 00:43:57,464 - INFO - Generating data for Spain...
2026-02-25 00:43:57,609 - INFO - Successfully exported 2300 records to synthetic_pii_data.csv
2026-02-25 00:54:08,581 - INFO - Initialized PIIGenerator with 23 factories
